[DEBUG] 20:34:51.821 - Running loop 0 --- log4jdemo.Log4jDemo.main(Log4jDemo.java:12)
[DEBUG] 20:34:51.828 - Running loop 1 --- log4jdemo.Log4jDemo.main(Log4jDemo.java:12)
[DEBUG] 20:34:51.828 - Running loop 2 --- log4jdemo.Log4jDemo.main(Log4jDemo.java:12)
[DEBUG] 20:34:51.829 - Running loop 3 --- log4jdemo.Log4jDemo.main(Log4jDemo.java:12)
[DEBUG] 20:34:51.829 - Running loop 4 --- log4jdemo.Log4jDemo.main(Log4jDemo.java:12)
[INFO] 20:34:51.830 - Received request for calculating tax --- log4jdemo.Log4jDemo.calculateTax(Log4jDemo.java:20)
[DEBUG] 20:34:51.833 - Persons name, salary 123456.0 marriage status true --- log4jdemo.Log4jDemo.calculateTax(Log4jDemo.java:21)
[INFO] 20:34:51.834 - Received request for calculating tax --- log4jdemo.Log4jDemo.calculateTax(Log4jDemo.java:20)
[DEBUG] 20:34:51.890 - Persons name, salary -123.0 marriage status true --- log4jdemo.Log4jDemo.calculateTax(Log4jDemo.java:21)
[ERROR] 20:34:51.890 - Salary cannot be negative --- log4jdemo.Log4jDemo.calculateTax(Log4jDemo.java:30)
[DEBUG] 20:40:23.159 - Running loop 0 --- log4jdemo.Log4jDemo.main(Log4jDemo.java:12)
[DEBUG] 20:40:23.165 - Running loop 1 --- log4jdemo.Log4jDemo.main(Log4jDemo.java:12)
[DEBUG] 20:40:23.165 - Running loop 2 --- log4jdemo.Log4jDemo.main(Log4jDemo.java:12)
[DEBUG] 20:40:23.165 - Running loop 3 --- log4jdemo.Log4jDemo.main(Log4jDemo.java:12)
[DEBUG] 20:40:23.166 - Running loop 4 --- log4jdemo.Log4jDemo.main(Log4jDemo.java:12)
[INFO] 20:40:23.166 - Received request for calculating tax --- log4jdemo.Log4jDemo.calculateTax(Log4jDemo.java:20)
[DEBUG] 20:40:23.169 - Persons name, salary 123456.0 marriage status true --- log4jdemo.Log4jDemo.calculateTax(Log4jDemo.java:21)
[INFO] 20:40:23.169 - Received request for calculating tax --- log4jdemo.Log4jDemo.calculateTax(Log4jDemo.java:20)
[DEBUG] 20:40:23.169 - Persons name, salary -123.0 marriage status true --- log4jdemo.Log4jDemo.calculateTax(Log4jDemo.java:21)
[ERROR] 20:40:23.170 - Salary cannot be negative --- log4jdemo.Log4jDemo.calculateTax(Log4jDemo.java:30)
[DEBUG] 20:43:37.056 - Running loop 0 --- log4jdemo.Log4jDemo.main(Log4jDemo.java:12)
[DEBUG] 20:43:37.060 - Running loop 1 --- log4jdemo.Log4jDemo.main(Log4jDemo.java:12)
[DEBUG] 20:43:37.061 - Running loop 2 --- log4jdemo.Log4jDemo.main(Log4jDemo.java:12)
[DEBUG] 20:43:37.061 - Running loop 3 --- log4jdemo.Log4jDemo.main(Log4jDemo.java:12)
[DEBUG] 20:43:37.061 - Running loop 4 --- log4jdemo.Log4jDemo.main(Log4jDemo.java:12)
[INFO] 20:43:37.062 - Received request for calculating tax --- log4jdemo.Log4jDemo.calculateTax(Log4jDemo.java:20)
[DEBUG] 20:43:37.065 - Persons name, salary 123456.0 marriage status true --- log4jdemo.Log4jDemo.calculateTax(Log4jDemo.java:21)
[INFO] 20:43:37.065 - Received request for calculating tax --- log4jdemo.Log4jDemo.calculateTax(Log4jDemo.java:20)
[DEBUG] 20:43:37.065 - Persons name, salary -123.0 marriage status true --- log4jdemo.Log4jDemo.calculateTax(Log4jDemo.java:21)
[ERROR] 20:43:37.066 - Salary cannot be negative --- log4jdemo.Log4jDemo.calculateTax(Log4jDemo.java:30)
