[DEBUG] 21:27:12.588 - Initializing a web-driver for Selenium version - 3.141.59 --- utilities.Driver.getDriver(Driver.java:37)
[INFO] 21:27:12.595 - Loading chrome Browser. --- utilities.Driver.getDriver(Driver.java:43)
[INFO] 21:27:12.596 - Loading Chrome Browser Driver --- utilities.Driver.getDriver(Driver.java:47)
[INFO] 21:27:52.227 - Closing Driver --- utilities.Driver.closeDriver(Driver.java:76)
[DEBUG] 21:27:53.264 - Initializing a web-driver for Selenium version - 3.141.59 --- utilities.Driver.getDriver(Driver.java:37)
[INFO] 21:27:53.264 - Loading chrome Browser. --- utilities.Driver.getDriver(Driver.java:43)
[INFO] 21:27:53.295 - Loading Chrome Browser Driver --- utilities.Driver.getDriver(Driver.java:47)
[INFO] 21:28:12.223 - Closing Driver --- utilities.Driver.closeDriver(Driver.java:76)
[DEBUG] 21:28:13.415 - Initializing a web-driver for Selenium version - 3.141.59 --- utilities.Driver.getDriver(Driver.java:37)
[INFO] 21:28:13.416 - Loading chrome Browser. --- utilities.Driver.getDriver(Driver.java:43)
[INFO] 21:28:13.417 - Loading Chrome Browser Driver --- utilities.Driver.getDriver(Driver.java:47)
[INFO] 21:28:23.215 - Closing Driver --- utilities.Driver.closeDriver(Driver.java:76)
[DEBUG] 21:29:06.069 - Initializing a web-driver for Selenium version - 3.141.59 --- utilities.Driver.getDriver(Driver.java:37)
[INFO] 21:29:06.077 - Loading chrome Browser. --- utilities.Driver.getDriver(Driver.java:43)
[INFO] 21:29:06.079 - Loading Chrome Browser Driver --- utilities.Driver.getDriver(Driver.java:47)
[INFO] 21:29:38.494 - Closing Driver --- utilities.Driver.closeDriver(Driver.java:76)
[DEBUG] 21:30:09.395 - Initializing a web-driver for Selenium version - 3.141.59 --- utilities.Driver.getDriver(Driver.java:37)
[INFO] 21:30:09.406 - Loading chrome Browser. --- utilities.Driver.getDriver(Driver.java:43)
[INFO] 21:30:20.440 - Closing Driver --- utilities.Driver.closeDriver(Driver.java:75)
[DEBUG] 22:45:13.110 - Initializing a web-driver for Selenium version - 3.141.59 --- utilities.Driver.getDriver(Driver.java:37)
[INFO] 22:45:13.119 - Loading chrome Browser. --- utilities.Driver.getDriver(Driver.java:43)
[INFO] 22:45:17.525 - Testing SimpleAlert --- iframesAndAlerts.PracticeAlerts.testSimpleAlert(PracticeAlerts.java:37)
[DEBUG] 22:45:32.639 - Navigated to https://demoqa.com/alerts --- iframesAndAlerts.PracticeAlerts.testSimpleAlert(PracticeAlerts.java:40)
[DEBUG] 22:45:32.639 - Triggered the first alert --- iframesAndAlerts.PracticeAlerts.testSimpleAlert(PracticeAlerts.java:42)
[DEBUG] 22:45:32.640 - Triggered the first alert with id alertButton --- iframesAndAlerts.PracticeAlerts.testSimpleAlert(PracticeAlerts.java:43)
[DEBUG] 22:45:32.795 - Waiting for 2 sek the alert pop up --- iframesAndAlerts.PracticeAlerts.testSimpleAlert(PracticeAlerts.java:46)
[DEBUG] 22:45:34.805 - Switching to alert --- iframesAndAlerts.PracticeAlerts.testSimpleAlert(PracticeAlerts.java:49)
[INFO] 22:45:34.849 - Closing Driver --- utilities.Driver.closeDriver(Driver.java:75)
[DEBUG] 22:46:36.390 - Initializing a web-driver for Selenium version - 3.141.59 --- utilities.Driver.getDriver(Driver.java:37)
[INFO] 22:46:36.396 - Loading chrome Browser. --- utilities.Driver.getDriver(Driver.java:43)
[INFO] 22:46:40.100 - Testing SimpleAlert --- iframesAndAlerts.PracticeAlerts.testSimpleAlert(PracticeAlerts.java:37)
[DEBUG] 22:46:46.161 - Navigated to https://demoqa.com/alerts --- iframesAndAlerts.PracticeAlerts.testSimpleAlert(PracticeAlerts.java:40)
[DEBUG] 22:46:46.162 - Triggered the first alert --- iframesAndAlerts.PracticeAlerts.testSimpleAlert(PracticeAlerts.java:42)
[DEBUG] 22:46:46.162 - Triggered the first alert with id alertButton --- iframesAndAlerts.PracticeAlerts.testSimpleAlert(PracticeAlerts.java:43)
[DEBUG] 22:46:46.314 - Waiting for 2 sek the alert pop up --- iframesAndAlerts.PracticeAlerts.testSimpleAlert(PracticeAlerts.java:46)
[DEBUG] 22:46:48.322 - Switching to alert --- iframesAndAlerts.PracticeAlerts.testSimpleAlert(PracticeAlerts.java:49)
[DEBUG] 22:46:48.336 - Got the alert text You clicked a button --- iframesAndAlerts.PracticeAlerts.testSimpleAlert(PracticeAlerts.java:52)
[DEBUG] 22:46:48.356 - Click OK --- iframesAndAlerts.PracticeAlerts.testSimpleAlert(PracticeAlerts.java:59)
[DEBUG] 22:46:48.672 - Waiting for 7 sek for the timerAlertButton to appear --- iframesAndAlerts.PracticeAlerts.testSimpleAlert(PracticeAlerts.java:64)
[DEBUG] 22:46:53.840 - Accepting Alert --- iframesAndAlerts.PracticeAlerts.testSimpleAlert(PracticeAlerts.java:69)
[INFO] 22:46:53.853 - SimpleAlert Test Successful --- iframesAndAlerts.PracticeAlerts.testSimpleAlert(PracticeAlerts.java:71)
[INFO] 22:46:53.853 - Closing Driver --- utilities.Driver.closeDriver(Driver.java:75)
